00:24:57.731 [restartedMain] INFO  c.k.s.SchoolBatisApplication - [logStarting,55] - Starting SchoolBatisApplication using Java 17.0.2 on Yachne with PID 13768 (D:\kaifamiao\workspace\idea\java\schoolBatis\target\classes started by Administrator in D:\kaifamiao\workspace\idea\java)
00:24:57.737 [restartedMain] INFO  c.k.s.SchoolBatisApplication - [logStartupProfileInfo,632] - No active profile set, falling back to 1 default profile: "default"
00:24:58.688 [restartedMain] INFO  o.a.c.h.Http11NioProtocol - [log,173] - Initializing ProtocolHandler ["http-nio-8080"]
00:24:58.689 [restartedMain] INFO  o.a.c.c.StandardService - [log,173] - Starting service [Tomcat]
00:24:58.689 [restartedMain] INFO  o.a.c.c.StandardEngine - [log,173] - Starting Servlet engine: [Apache Tomcat/9.0.82]
00:24:58.748 [restartedMain] INFO  o.a.c.c.C.[.[.[/] - [log,173] - Initializing Spring embedded WebApplicationContext
00:24:59.350 [restartedMain] INFO  o.a.c.h.Http11NioProtocol - [log,173] - Starting ProtocolHandler ["http-nio-8080"]
00:24:59.390 [restartedMain] INFO  c.k.s.SchoolBatisApplication - [logStarted,61] - Started SchoolBatisApplication in 2.051 seconds (JVM running for 2.93)
00:25:20.389 [http-nio-8080-exec-1] INFO  o.a.c.c.C.[.[.[/] - [log,173] - Initializing Spring DispatcherServlet 'dispatcherServlet'
00:25:23.130 [http-nio-8080-exec-3] INFO  c.z.h.HikariDataSource - [getConnection,110] - HikariPool-1 - Starting...
00:25:24.267 [http-nio-8080-exec-3] INFO  c.z.h.HikariDataSource - [getConnection,123] - HikariPool-1 - Start completed.
00:43:46.492 [SpringApplicationShutdownHook] INFO  c.z.h.HikariDataSource - [close,350] - HikariPool-1 - Shutdown initiated...
00:43:46.911 [SpringApplicationShutdownHook] INFO  c.z.h.HikariDataSource - [close,352] - HikariPool-1 - Shutdown completed.
09:02:25.373 [restartedMain] INFO  c.k.s.SchoolBatisApplication - [logStarting,55] - Starting SchoolBatisApplication using Java 17.0.2 on Yachne with PID 7348 (D:\kaifamiao\workspace\idea\java\schoolBatis\target\classes started by Administrator in D:\kaifamiao\workspace\idea\java)
09:02:25.395 [restartedMain] INFO  c.k.s.SchoolBatisApplication - [logStartupProfileInfo,632] - No active profile set, falling back to 1 default profile: "default"
09:02:27.674 [restartedMain] INFO  o.a.c.h.Http11NioProtocol - [log,173] - Initializing ProtocolHandler ["http-nio-8080"]
09:02:27.675 [restartedMain] INFO  o.a.c.c.StandardService - [log,173] - Starting service [Tomcat]
09:02:27.675 [restartedMain] INFO  o.a.c.c.StandardEngine - [log,173] - Starting Servlet engine: [Apache Tomcat/9.0.82]
09:02:27.743 [restartedMain] INFO  o.a.c.c.C.[.[.[/] - [log,173] - Initializing Spring embedded WebApplicationContext
09:02:28.629 [restartedMain] INFO  o.a.c.h.Http11NioProtocol - [log,173] - Starting ProtocolHandler ["http-nio-8080"]
09:02:28.657 [restartedMain] INFO  c.k.s.SchoolBatisApplication - [logStarted,61] - Started SchoolBatisApplication in 4.557 seconds (JVM running for 9.728)
09:02:41.633 [http-nio-8080-exec-1] INFO  o.a.c.c.C.[.[.[/] - [log,173] - Initializing Spring DispatcherServlet 'dispatcherServlet'
09:18:27.261 [http-nio-8080-exec-7] INFO  c.z.h.HikariDataSource - [getConnection,110] - HikariPool-1 - Starting...
09:18:27.750 [http-nio-8080-exec-7] INFO  c.z.h.HikariDataSource - [getConnection,123] - HikariPool-1 - Start completed.
10:24:35.011 [Thread-5] INFO  o.a.c.h.Http11NioProtocol - [log,173] - Pausing ProtocolHandler ["http-nio-8080"]
10:24:35.014 [Thread-5] INFO  o.a.c.c.StandardService - [log,173] - Stopping service [Tomcat]
10:24:35.057 [Thread-5] INFO  o.a.c.c.C.[.[.[/] - [log,173] - Destroying Spring FrameworkServlet 'dispatcherServlet'
10:24:35.066 [Thread-5] INFO  o.a.c.h.Http11NioProtocol - [log,173] - Stopping ProtocolHandler ["http-nio-8080"]
10:24:35.069 [Thread-5] INFO  o.a.c.h.Http11NioProtocol - [log,173] - Destroying ProtocolHandler ["http-nio-8080"]
10:24:35.076 [Thread-5] INFO  c.z.h.HikariDataSource - [close,350] - HikariPool-1 - Shutdown initiated...
10:24:35.083 [Thread-5] INFO  c.z.h.HikariDataSource - [close,352] - HikariPool-1 - Shutdown completed.
10:24:35.304 [restartedMain] INFO  c.k.s.SchoolBatisApplication - [logStarting,55] - Starting SchoolBatisApplication using Java 17.0.2 on Yachne with PID 7348 (D:\kaifamiao\workspace\idea\java\schoolBatis\target\classes started by Administrator in D:\kaifamiao\workspace\idea\java)
10:24:35.305 [restartedMain] INFO  c.k.s.SchoolBatisApplication - [logStartupProfileInfo,632] - No active profile set, falling back to 1 default profile: "default"
10:24:35.813 [restartedMain] INFO  o.a.c.h.Http11NioProtocol - [log,173] - Initializing ProtocolHandler ["http-nio-8080"]
10:24:35.813 [restartedMain] INFO  o.a.c.c.StandardService - [log,173] - Starting service [Tomcat]
10:24:35.814 [restartedMain] INFO  o.a.c.c.StandardEngine - [log,173] - Starting Servlet engine: [Apache Tomcat/9.0.82]
10:24:35.832 [restartedMain] INFO  o.a.c.c.C.[.[.[/] - [log,173] - Initializing Spring embedded WebApplicationContext
10:24:36.059 [restartedMain] INFO  o.a.c.h.Http11NioProtocol - [log,173] - Starting ProtocolHandler ["http-nio-8080"]
10:24:36.065 [restartedMain] INFO  c.k.s.SchoolBatisApplication - [logStarted,61] - Started SchoolBatisApplication in 0.848 seconds (JVM running for 4937.137)
10:26:35.606 [Thread-7] INFO  o.a.c.h.Http11NioProtocol - [log,173] - Pausing ProtocolHandler ["http-nio-8080"]
10:26:35.607 [Thread-7] INFO  o.a.c.c.StandardService - [log,173] - Stopping service [Tomcat]
10:26:35.608 [Thread-7] INFO  o.a.c.h.Http11NioProtocol - [log,173] - Stopping ProtocolHandler ["http-nio-8080"]
10:26:35.610 [Thread-7] INFO  o.a.c.h.Http11NioProtocol - [log,173] - Destroying ProtocolHandler ["http-nio-8080"]
10:26:35.692 [restartedMain] INFO  c.k.s.SchoolBatisApplication - [logStarting,55] - Starting SchoolBatisApplication using Java 17.0.2 on Yachne with PID 7348 (D:\kaifamiao\workspace\idea\java\schoolBatis\target\classes started by Administrator in D:\kaifamiao\workspace\idea\java)
10:26:35.693 [restartedMain] INFO  c.k.s.SchoolBatisApplication - [logStartupProfileInfo,632] - No active profile set, falling back to 1 default profile: "default"
10:26:35.894 [restartedMain] INFO  o.a.c.h.Http11NioProtocol - [log,173] - Initializing ProtocolHandler ["http-nio-8080"]
10:26:35.894 [restartedMain] INFO  o.a.c.c.StandardService - [log,173] - Starting service [Tomcat]
10:26:35.894 [restartedMain] INFO  o.a.c.c.StandardEngine - [log,173] - Starting Servlet engine: [Apache Tomcat/9.0.82]
10:26:35.910 [restartedMain] INFO  o.a.c.c.C.[.[.[/] - [log,173] - Initializing Spring embedded WebApplicationContext
10:26:36.071 [restartedMain] INFO  o.a.c.h.Http11NioProtocol - [log,173] - Starting ProtocolHandler ["http-nio-8080"]
10:26:36.078 [restartedMain] INFO  c.k.s.SchoolBatisApplication - [logStarted,61] - Started SchoolBatisApplication in 0.42 seconds (JVM running for 5057.15)
10:26:38.103 [main] INFO  c.k.s.SchoolBatisApplicationTests - [logStarting,55] - Starting SchoolBatisApplicationTests using Java 17.0.2 on Yachne with PID 1716 (started by Administrator in D:\kaifamiao\workspace\idea\java\schoolBatis)
10:26:38.107 [main] INFO  c.k.s.SchoolBatisApplicationTests - [logStartupProfileInfo,632] - No active profile set, falling back to 1 default profile: "default"
10:26:40.651 [main] INFO  c.k.s.SchoolBatisApplicationTests - [logStarted,61] - Started SchoolBatisApplicationTests in 2.907 seconds (JVM running for 4.349)
10:28:14.210 [Thread-11] INFO  o.a.c.h.Http11NioProtocol - [log,173] - Pausing ProtocolHandler ["http-nio-8080"]
10:28:14.210 [Thread-11] INFO  o.a.c.c.StandardService - [log,173] - Stopping service [Tomcat]
10:28:14.212 [Thread-11] INFO  o.a.c.h.Http11NioProtocol - [log,173] - Stopping ProtocolHandler ["http-nio-8080"]
10:28:14.213 [Thread-11] INFO  o.a.c.h.Http11NioProtocol - [log,173] - Destroying ProtocolHandler ["http-nio-8080"]
10:28:14.278 [restartedMain] INFO  c.k.s.SchoolBatisApplication - [logStarting,55] - Starting SchoolBatisApplication using Java 17.0.2 on Yachne with PID 7348 (D:\kaifamiao\workspace\idea\java\schoolBatis\target\classes started by Administrator in D:\kaifamiao\workspace\idea\java)
10:28:14.278 [restartedMain] INFO  c.k.s.SchoolBatisApplication - [logStartupProfileInfo,632] - No active profile set, falling back to 1 default profile: "default"
10:28:14.440 [restartedMain] INFO  o.a.c.h.Http11NioProtocol - [log,173] - Initializing ProtocolHandler ["http-nio-8080"]
10:28:14.441 [restartedMain] INFO  o.a.c.c.StandardService - [log,173] - Starting service [Tomcat]
10:28:14.441 [restartedMain] INFO  o.a.c.c.StandardEngine - [log,173] - Starting Servlet engine: [Apache Tomcat/9.0.82]
10:28:14.461 [restartedMain] INFO  o.a.c.c.C.[.[.[/] - [log,173] - Initializing Spring embedded WebApplicationContext
10:28:14.601 [restartedMain] INFO  o.a.c.h.Http11NioProtocol - [log,173] - Starting ProtocolHandler ["http-nio-8080"]
10:28:14.608 [restartedMain] INFO  c.k.s.SchoolBatisApplication - [logStarted,61] - Started SchoolBatisApplication in 0.356 seconds (JVM running for 5155.68)
10:28:16.056 [Thread-15] INFO  o.a.c.h.Http11NioProtocol - [log,173] - Pausing ProtocolHandler ["http-nio-8080"]
10:28:16.056 [Thread-15] INFO  o.a.c.c.StandardService - [log,173] - Stopping service [Tomcat]
10:28:16.058 [Thread-15] INFO  o.a.c.h.Http11NioProtocol - [log,173] - Stopping ProtocolHandler ["http-nio-8080"]
10:28:16.060 [Thread-15] INFO  o.a.c.h.Http11NioProtocol - [log,173] - Destroying ProtocolHandler ["http-nio-8080"]
10:28:16.178 [restartedMain] INFO  c.k.s.SchoolBatisApplication - [logStarting,55] - Starting SchoolBatisApplication using Java 17.0.2 on Yachne with PID 7348 (D:\kaifamiao\workspace\idea\java\schoolBatis\target\classes started by Administrator in D:\kaifamiao\workspace\idea\java)
10:28:16.179 [restartedMain] INFO  c.k.s.SchoolBatisApplication - [logStartupProfileInfo,632] - No active profile set, falling back to 1 default profile: "default"
10:28:16.493 [restartedMain] INFO  o.a.c.h.Http11NioProtocol - [log,173] - Initializing ProtocolHandler ["http-nio-8080"]
10:28:16.494 [restartedMain] INFO  o.a.c.c.StandardService - [log,173] - Starting service [Tomcat]
10:28:16.494 [restartedMain] INFO  o.a.c.c.StandardEngine - [log,173] - Starting Servlet engine: [Apache Tomcat/9.0.82]
10:28:16.515 [restartedMain] INFO  o.a.c.c.C.[.[.[/] - [log,173] - Initializing Spring embedded WebApplicationContext
10:28:16.737 [restartedMain] INFO  o.a.c.h.Http11NioProtocol - [log,173] - Starting ProtocolHandler ["http-nio-8080"]
10:28:16.747 [restartedMain] INFO  c.k.s.SchoolBatisApplication - [logStarted,61] - Started SchoolBatisApplication in 0.627 seconds (JVM running for 5157.818)
10:28:17.056 [main] INFO  c.k.s.SchoolBatisApplicationTests - [logStarting,55] - Starting SchoolBatisApplicationTests using Java 17.0.2 on Yachne with PID 1612 (started by Administrator in D:\kaifamiao\workspace\idea\java\schoolBatis)
10:28:17.059 [main] INFO  c.k.s.SchoolBatisApplicationTests - [logStartupProfileInfo,632] - No active profile set, falling back to 1 default profile: "default"
10:28:19.861 [main] INFO  c.k.s.SchoolBatisApplicationTests - [logStarted,61] - Started SchoolBatisApplicationTests in 3.206 seconds (JVM running for 4.589)
10:30:56.642 [Thread-19] INFO  o.a.c.h.Http11NioProtocol - [log,173] - Pausing ProtocolHandler ["http-nio-8080"]
10:30:56.642 [Thread-19] INFO  o.a.c.c.StandardService - [log,173] - Stopping service [Tomcat]
10:30:56.643 [Thread-19] INFO  o.a.c.h.Http11NioProtocol - [log,173] - Stopping ProtocolHandler ["http-nio-8080"]
10:30:56.644 [Thread-19] INFO  o.a.c.h.Http11NioProtocol - [log,173] - Destroying ProtocolHandler ["http-nio-8080"]
10:30:56.732 [restartedMain] INFO  c.k.s.SchoolBatisApplication - [logStarting,55] - Starting SchoolBatisApplication using Java 17.0.2 on Yachne with PID 7348 (D:\kaifamiao\workspace\idea\java\schoolBatis\target\classes started by Administrator in D:\kaifamiao\workspace\idea\java)
10:30:56.732 [restartedMain] INFO  c.k.s.SchoolBatisApplication - [logStartupProfileInfo,632] - No active profile set, falling back to 1 default profile: "default"
10:30:56.892 [restartedMain] INFO  o.a.c.h.Http11NioProtocol - [log,173] - Initializing ProtocolHandler ["http-nio-8080"]
10:30:56.892 [restartedMain] INFO  o.a.c.c.StandardService - [log,173] - Starting service [Tomcat]
10:30:56.892 [restartedMain] INFO  o.a.c.c.StandardEngine - [log,173] - Starting Servlet engine: [Apache Tomcat/9.0.82]
10:30:56.904 [restartedMain] INFO  o.a.c.c.C.[.[.[/] - [log,173] - Initializing Spring embedded WebApplicationContext
10:30:56.956 [restartedMain] INFO  o.a.c.c.StandardService - [log,173] - Stopping service [Tomcat]
10:30:58.541 [restartedMain] INFO  c.k.s.SchoolBatisApplication - [logStarting,55] - Starting SchoolBatisApplication using Java 17.0.2 on Yachne with PID 7348 (D:\kaifamiao\workspace\idea\java\schoolBatis\target\classes started by Administrator in D:\kaifamiao\workspace\idea\java)
10:30:58.542 [restartedMain] INFO  c.k.s.SchoolBatisApplication - [logStartupProfileInfo,632] - No active profile set, falling back to 1 default profile: "default"
10:30:58.804 [restartedMain] INFO  o.a.c.h.Http11NioProtocol - [log,173] - Initializing ProtocolHandler ["http-nio-8080"]
10:30:58.806 [restartedMain] INFO  o.a.c.c.StandardService - [log,173] - Starting service [Tomcat]
10:30:58.806 [restartedMain] INFO  o.a.c.c.StandardEngine - [log,173] - Starting Servlet engine: [Apache Tomcat/9.0.82]
10:30:58.824 [restartedMain] INFO  o.a.c.c.C.[.[.[/] - [log,173] - Initializing Spring embedded WebApplicationContext
10:30:58.895 [restartedMain] INFO  o.a.c.c.StandardService - [log,173] - Stopping service [Tomcat]
10:30:59.552 [main] INFO  c.k.s.SchoolBatisApplicationTests - [logStarting,55] - Starting SchoolBatisApplicationTests using Java 17.0.2 on Yachne with PID 24384 (started by Administrator in D:\kaifamiao\workspace\idea\java\schoolBatis)
10:30:59.555 [main] INFO  c.k.s.SchoolBatisApplicationTests - [logStartupProfileInfo,632] - No active profile set, falling back to 1 default profile: "default"
10:31:18.865 [restartedMain] INFO  c.k.s.SchoolBatisApplication - [logStarting,55] - Starting SchoolBatisApplication using Java 17.0.2 on Yachne with PID 7348 (D:\kaifamiao\workspace\idea\java\schoolBatis\target\classes started by Administrator in D:\kaifamiao\workspace\idea\java)
10:31:18.866 [restartedMain] INFO  c.k.s.SchoolBatisApplication - [logStartupProfileInfo,632] - No active profile set, falling back to 1 default profile: "default"
10:31:19.064 [restartedMain] INFO  o.a.c.h.Http11NioProtocol - [log,173] - Initializing ProtocolHandler ["http-nio-8080"]
10:31:19.064 [restartedMain] INFO  o.a.c.c.StandardService - [log,173] - Starting service [Tomcat]
10:31:19.064 [restartedMain] INFO  o.a.c.c.StandardEngine - [log,173] - Starting Servlet engine: [Apache Tomcat/9.0.82]
10:31:19.080 [restartedMain] INFO  o.a.c.c.C.[.[.[/] - [log,173] - Initializing Spring embedded WebApplicationContext
10:31:19.216 [restartedMain] INFO  o.a.c.h.Http11NioProtocol - [log,173] - Starting ProtocolHandler ["http-nio-8080"]
10:31:19.224 [restartedMain] INFO  c.k.s.SchoolBatisApplication - [logStarted,61] - Started SchoolBatisApplication in 0.381 seconds (JVM running for 5340.296)
10:31:20.672 [Thread-23] INFO  o.a.c.h.Http11NioProtocol - [log,173] - Pausing ProtocolHandler ["http-nio-8080"]
10:31:20.672 [Thread-23] INFO  o.a.c.c.StandardService - [log,173] - Stopping service [Tomcat]
10:31:20.675 [Thread-23] INFO  o.a.c.h.Http11NioProtocol - [log,173] - Stopping ProtocolHandler ["http-nio-8080"]
10:31:20.676 [Thread-23] INFO  o.a.c.h.Http11NioProtocol - [log,173] - Destroying ProtocolHandler ["http-nio-8080"]
10:31:20.766 [restartedMain] INFO  c.k.s.SchoolBatisApplication - [logStarting,55] - Starting SchoolBatisApplication using Java 17.0.2 on Yachne with PID 7348 (D:\kaifamiao\workspace\idea\java\schoolBatis\target\classes started by Administrator in D:\kaifamiao\workspace\idea\java)
10:31:20.767 [restartedMain] INFO  c.k.s.SchoolBatisApplication - [logStartupProfileInfo,632] - No active profile set, falling back to 1 default profile: "default"
10:31:20.965 [restartedMain] INFO  o.a.c.h.Http11NioProtocol - [log,173] - Initializing ProtocolHandler ["http-nio-8080"]
10:31:20.966 [restartedMain] INFO  o.a.c.c.StandardService - [log,173] - Starting service [Tomcat]
10:31:20.966 [restartedMain] INFO  o.a.c.c.StandardEngine - [log,173] - Starting Servlet engine: [Apache Tomcat/9.0.82]
10:31:20.986 [restartedMain] INFO  o.a.c.c.C.[.[.[/] - [log,173] - Initializing Spring embedded WebApplicationContext
10:31:21.067 [main] INFO  c.k.s.SchoolBatisApplicationTests - [logStarting,55] - Starting SchoolBatisApplicationTests using Java 17.0.2 on Yachne with PID 17400 (started by Administrator in D:\kaifamiao\workspace\idea\java\schoolBatis)
10:31:21.071 [main] INFO  c.k.s.SchoolBatisApplicationTests - [logStartupProfileInfo,632] - No active profile set, falling back to 1 default profile: "default"
10:31:21.142 [restartedMain] INFO  o.a.c.h.Http11NioProtocol - [log,173] - Starting ProtocolHandler ["http-nio-8080"]
10:31:21.150 [restartedMain] INFO  c.k.s.SchoolBatisApplication - [logStarted,61] - Started SchoolBatisApplication in 0.419 seconds (JVM running for 5342.223)
10:31:23.349 [main] INFO  c.k.s.SchoolBatisApplicationTests - [logStarted,61] - Started SchoolBatisApplicationTests in 2.64 seconds (JVM running for 3.907)
10:33:11.805 [Thread-33] INFO  o.a.c.h.Http11NioProtocol - [log,173] - Pausing ProtocolHandler ["http-nio-8080"]
10:33:11.807 [Thread-33] INFO  o.a.c.c.StandardService - [log,173] - Stopping service [Tomcat]
10:33:11.807 [Thread-33] INFO  o.a.c.h.Http11NioProtocol - [log,173] - Stopping ProtocolHandler ["http-nio-8080"]
10:33:11.808 [Thread-33] INFO  o.a.c.h.Http11NioProtocol - [log,173] - Destroying ProtocolHandler ["http-nio-8080"]
10:33:11.897 [restartedMain] INFO  c.k.s.SchoolBatisApplication - [logStarting,55] - Starting SchoolBatisApplication using Java 17.0.2 on Yachne with PID 7348 (D:\kaifamiao\workspace\idea\java\schoolBatis\target\classes started by Administrator in D:\kaifamiao\workspace\idea\java)
10:33:11.897 [restartedMain] INFO  c.k.s.SchoolBatisApplication - [logStartupProfileInfo,632] - No active profile set, falling back to 1 default profile: "default"
10:33:12.095 [restartedMain] INFO  o.a.c.h.Http11NioProtocol - [log,173] - Initializing ProtocolHandler ["http-nio-8080"]
10:33:12.095 [restartedMain] INFO  o.a.c.c.StandardService - [log,173] - Starting service [Tomcat]
10:33:12.095 [restartedMain] INFO  o.a.c.c.StandardEngine - [log,173] - Starting Servlet engine: [Apache Tomcat/9.0.82]
10:33:12.109 [restartedMain] INFO  o.a.c.c.C.[.[.[/] - [log,173] - Initializing Spring embedded WebApplicationContext
10:33:12.250 [restartedMain] INFO  o.a.c.h.Http11NioProtocol - [log,173] - Starting ProtocolHandler ["http-nio-8080"]
10:33:12.259 [restartedMain] INFO  c.k.s.SchoolBatisApplication - [logStarted,61] - Started SchoolBatisApplication in 0.398 seconds (JVM running for 5453.33)
10:35:30.890 [Thread-37] INFO  o.a.c.h.Http11NioProtocol - [log,173] - Pausing ProtocolHandler ["http-nio-8080"]
10:35:30.891 [Thread-37] INFO  o.a.c.c.StandardService - [log,173] - Stopping service [Tomcat]
10:35:30.892 [Thread-37] INFO  o.a.c.h.Http11NioProtocol - [log,173] - Stopping ProtocolHandler ["http-nio-8080"]
10:35:30.893 [Thread-37] INFO  o.a.c.h.Http11NioProtocol - [log,173] - Destroying ProtocolHandler ["http-nio-8080"]
10:35:30.981 [restartedMain] INFO  c.k.s.SchoolBatisApplication - [logStarting,55] - Starting SchoolBatisApplication using Java 17.0.2 on Yachne with PID 7348 (D:\kaifamiao\workspace\idea\java\schoolBatis\target\classes started by Administrator in D:\kaifamiao\workspace\idea\java)
10:35:30.981 [restartedMain] INFO  c.k.s.SchoolBatisApplication - [logStartupProfileInfo,632] - No active profile set, falling back to 1 default profile: "default"
10:35:31.191 [restartedMain] INFO  o.a.c.h.Http11NioProtocol - [log,173] - Initializing ProtocolHandler ["http-nio-8080"]
10:35:31.192 [restartedMain] INFO  o.a.c.c.StandardService - [log,173] - Starting service [Tomcat]
10:35:31.192 [restartedMain] INFO  o.a.c.c.StandardEngine - [log,173] - Starting Servlet engine: [Apache Tomcat/9.0.82]
10:35:31.210 [restartedMain] INFO  o.a.c.c.C.[.[.[/] - [log,173] - Initializing Spring embedded WebApplicationContext
10:35:31.320 [restartedMain] INFO  o.a.c.h.Http11NioProtocol - [log,173] - Starting ProtocolHandler ["http-nio-8080"]
10:35:31.326 [restartedMain] INFO  c.k.s.SchoolBatisApplication - [logStarted,61] - Started SchoolBatisApplication in 0.378 seconds (JVM running for 5592.397)
10:35:32.768 [Thread-41] INFO  o.a.c.h.Http11NioProtocol - [log,173] - Pausing ProtocolHandler ["http-nio-8080"]
10:35:32.768 [Thread-41] INFO  o.a.c.c.StandardService - [log,173] - Stopping service [Tomcat]
10:35:32.771 [Thread-41] INFO  o.a.c.h.Http11NioProtocol - [log,173] - Stopping ProtocolHandler ["http-nio-8080"]
10:35:32.772 [Thread-41] INFO  o.a.c.h.Http11NioProtocol - [log,173] - Destroying ProtocolHandler ["http-nio-8080"]
10:35:32.881 [restartedMain] INFO  c.k.s.SchoolBatisApplication - [logStarting,55] - Starting SchoolBatisApplication using Java 17.0.2 on Yachne with PID 7348 (D:\kaifamiao\workspace\idea\java\schoolBatis\target\classes started by Administrator in D:\kaifamiao\workspace\idea\java)
10:35:32.881 [restartedMain] INFO  c.k.s.SchoolBatisApplication - [logStartupProfileInfo,632] - No active profile set, falling back to 1 default profile: "default"
10:35:33.160 [restartedMain] INFO  o.a.c.h.Http11NioProtocol - [log,173] - Initializing ProtocolHandler ["http-nio-8080"]
10:35:33.160 [restartedMain] INFO  o.a.c.c.StandardService - [log,173] - Starting service [Tomcat]
10:35:33.161 [restartedMain] INFO  o.a.c.c.StandardEngine - [log,173] - Starting Servlet engine: [Apache Tomcat/9.0.82]
10:35:33.185 [restartedMain] INFO  o.a.c.c.C.[.[.[/] - [log,173] - Initializing Spring embedded WebApplicationContext
10:35:33.380 [restartedMain] INFO  o.a.c.h.Http11NioProtocol - [log,173] - Starting ProtocolHandler ["http-nio-8080"]
10:35:33.390 [restartedMain] INFO  c.k.s.SchoolBatisApplication - [logStarted,61] - Started SchoolBatisApplication in 0.543 seconds (JVM running for 5594.462)
10:35:33.863 [main] INFO  c.k.s.SchoolBatisApplicationTests - [logStarting,55] - Starting SchoolBatisApplicationTests using Java 17.0.2 on Yachne with PID 15136 (started by Administrator in D:\kaifamiao\workspace\idea\java\schoolBatis)
10:35:33.866 [main] INFO  c.k.s.SchoolBatisApplicationTests - [logStartupProfileInfo,632] - No active profile set, falling back to 1 default profile: "default"
10:35:36.353 [main] INFO  c.k.s.SchoolBatisApplicationTests - [logStarted,61] - Started SchoolBatisApplicationTests in 2.895 seconds (JVM running for 4.223)
14:29:25.643 [main] INFO  c.k.s.SchoolBatisApplicationTests - [logStarting,55] - Starting SchoolBatisApplicationTests using Java 17.0.2 on Yachne with PID 5468 (started by Administrator in D:\kaifamiao\workspace\idea\java\schoolBatis)
14:29:25.645 [main] INFO  c.k.s.SchoolBatisApplicationTests - [logStartupProfileInfo,632] - No active profile set, falling back to 1 default profile: "default"
14:29:28.272 [main] INFO  c.k.s.SchoolBatisApplicationTests - [logStarted,61] - Started SchoolBatisApplicationTests in 2.95 seconds (JVM running for 4.536)
14:30:55.964 [restartedMain] INFO  c.k.s.SchoolBatisApplication - [logStarting,55] - Starting SchoolBatisApplication using Java 17.0.2 on Yachne with PID 16296 (D:\kaifamiao\workspace\idea\java\schoolBatis\target\classes started by Administrator in D:\kaifamiao\workspace\idea\java)
14:30:55.968 [restartedMain] INFO  c.k.s.SchoolBatisApplication - [logStartupProfileInfo,632] - No active profile set, falling back to 1 default profile: "default"
14:30:57.178 [restartedMain] INFO  o.a.c.h.Http11NioProtocol - [log,173] - Initializing ProtocolHandler ["http-nio-8080"]
14:30:57.181 [restartedMain] INFO  o.a.c.c.StandardService - [log,173] - Starting service [Tomcat]
14:30:57.181 [restartedMain] INFO  o.a.c.c.StandardEngine - [log,173] - Starting Servlet engine: [Apache Tomcat/9.0.82]
14:30:57.323 [restartedMain] INFO  o.a.c.c.C.[.[.[/] - [log,173] - Initializing Spring embedded WebApplicationContext
14:30:57.996 [restartedMain] INFO  o.a.c.h.Http11NioProtocol - [log,173] - Starting ProtocolHandler ["http-nio-8080"]
14:30:58.034 [restartedMain] INFO  c.k.s.SchoolBatisApplication - [logStarted,61] - Started SchoolBatisApplication in 2.547 seconds (JVM running for 3.278)
14:31:49.177 [http-nio-8080-exec-1] INFO  o.a.c.c.C.[.[.[/] - [log,173] - Initializing Spring DispatcherServlet 'dispatcherServlet'
14:33:19.428 [Thread-5] INFO  o.a.c.h.Http11NioProtocol - [log,173] - Pausing ProtocolHandler ["http-nio-8080"]
14:33:19.428 [Thread-5] INFO  o.a.c.c.StandardService - [log,173] - Stopping service [Tomcat]
14:33:19.430 [Thread-5] INFO  o.a.c.c.C.[.[.[/] - [log,173] - Destroying Spring FrameworkServlet 'dispatcherServlet'
14:33:19.437 [Thread-5] INFO  o.a.c.h.Http11NioProtocol - [log,173] - Stopping ProtocolHandler ["http-nio-8080"]
14:33:19.438 [Thread-5] INFO  o.a.c.h.Http11NioProtocol - [log,173] - Destroying ProtocolHandler ["http-nio-8080"]
14:33:19.536 [restartedMain] INFO  c.k.s.SchoolBatisApplication - [logStarting,55] - Starting SchoolBatisApplication using Java 17.0.2 on Yachne with PID 16296 (D:\kaifamiao\workspace\idea\java\schoolBatis\target\classes started by Administrator in D:\kaifamiao\workspace\idea\java)
14:33:19.536 [restartedMain] INFO  c.k.s.SchoolBatisApplication - [logStartupProfileInfo,632] - No active profile set, falling back to 1 default profile: "default"
14:33:19.775 [restartedMain] INFO  o.a.c.h.Http11NioProtocol - [log,173] - Initializing ProtocolHandler ["http-nio-8080"]
14:33:19.775 [restartedMain] INFO  o.a.c.c.StandardService - [log,173] - Starting service [Tomcat]
14:33:19.776 [restartedMain] INFO  o.a.c.c.StandardEngine - [log,173] - Starting Servlet engine: [Apache Tomcat/9.0.82]
14:33:19.791 [restartedMain] INFO  o.a.c.c.C.[.[.[/] - [log,173] - Initializing Spring embedded WebApplicationContext
14:33:19.977 [restartedMain] INFO  o.a.c.h.Http11NioProtocol - [log,173] - Starting ProtocolHandler ["http-nio-8080"]
14:33:19.986 [restartedMain] INFO  c.k.s.SchoolBatisApplication - [logStarted,61] - Started SchoolBatisApplication in 0.494 seconds (JVM running for 145.23)
14:33:21.407 [Thread-7] INFO  o.a.c.h.Http11NioProtocol - [log,173] - Pausing ProtocolHandler ["http-nio-8080"]
14:33:21.407 [Thread-7] INFO  o.a.c.c.StandardService - [log,173] - Stopping service [Tomcat]
14:33:21.409 [Thread-7] INFO  o.a.c.h.Http11NioProtocol - [log,173] - Stopping ProtocolHandler ["http-nio-8080"]
14:33:21.411 [Thread-7] INFO  o.a.c.h.Http11NioProtocol - [log,173] - Destroying ProtocolHandler ["http-nio-8080"]
14:33:21.512 [restartedMain] INFO  c.k.s.SchoolBatisApplication - [logStarting,55] - Starting SchoolBatisApplication using Java 17.0.2 on Yachne with PID 16296 (D:\kaifamiao\workspace\idea\java\schoolBatis\target\classes started by Administrator in D:\kaifamiao\workspace\idea\java)
14:33:21.512 [restartedMain] INFO  c.k.s.SchoolBatisApplication - [logStartupProfileInfo,632] - No active profile set, falling back to 1 default profile: "default"
14:33:21.744 [restartedMain] INFO  o.a.c.h.Http11NioProtocol - [log,173] - Initializing ProtocolHandler ["http-nio-8080"]
14:33:21.744 [restartedMain] INFO  o.a.c.c.StandardService - [log,173] - Starting service [Tomcat]
14:33:21.744 [restartedMain] INFO  o.a.c.c.StandardEngine - [log,173] - Starting Servlet engine: [Apache Tomcat/9.0.82]
14:33:21.764 [restartedMain] INFO  o.a.c.c.C.[.[.[/] - [log,173] - Initializing Spring embedded WebApplicationContext
14:33:21.921 [restartedMain] INFO  o.a.c.h.Http11NioProtocol - [log,173] - Starting ProtocolHandler ["http-nio-8080"]
14:33:21.931 [restartedMain] INFO  c.k.s.SchoolBatisApplication - [logStarted,61] - Started SchoolBatisApplication in 0.464 seconds (JVM running for 147.175)
14:33:44.030 [http-nio-8080-exec-1] INFO  o.a.c.c.C.[.[.[/] - [log,173] - Initializing Spring DispatcherServlet 'dispatcherServlet'
15:47:34.607 [main] INFO  c.k.s.SchoolBatisApplicationTests - [logStarting,55] - Starting SchoolBatisApplicationTests using Java 17.0.2 on Yachne with PID 9468 (started by Administrator in D:\kaifamiao\workspace\idea\java\schoolBatis)
15:47:34.611 [main] INFO  c.k.s.SchoolBatisApplicationTests - [logStartupProfileInfo,632] - No active profile set, falling back to 1 default profile: "default"
15:47:37.409 [main] INFO  c.k.s.SchoolBatisApplicationTests - [logStarted,61] - Started SchoolBatisApplicationTests in 3.21 seconds (JVM running for 5.15)
15:48:25.216 [main] INFO  c.k.s.SchoolBatisApplicationTests - [logStarting,55] - Starting SchoolBatisApplicationTests using Java 17.0.2 on Yachne with PID 20300 (started by Administrator in D:\kaifamiao\workspace\idea\java\schoolBatis)
15:48:25.221 [main] INFO  c.k.s.SchoolBatisApplicationTests - [logStartupProfileInfo,632] - No active profile set, falling back to 1 default profile: "default"
15:48:27.629 [main] INFO  c.k.s.SchoolBatisApplicationTests - [logStarted,61] - Started SchoolBatisApplicationTests in 2.81 seconds (JVM running for 4.029)
19:59:58.433 [restartedMain] INFO  c.k.s.SchoolBatisApplication - [logStarting,55] - Starting SchoolBatisApplication using Java 17.0.2 on Yachne with PID 21048 (D:\kaifamiao\workspace\idea\java\schoolBatis\target\classes started by Administrator in D:\kaifamiao\workspace\idea\java)
19:59:58.475 [restartedMain] INFO  c.k.s.SchoolBatisApplication - [logStartupProfileInfo,632] - No active profile set, falling back to 1 default profile: "default"
20:00:08.677 [restartedMain] INFO  c.k.s.SchoolBatisApplication - [logStarting,55] - Starting SchoolBatisApplication using Java 17.0.2 on Yachne with PID 10780 (D:\kaifamiao\workspace\idea\java\schoolBatis\target\classes started by Administrator in D:\kaifamiao\workspace\idea\java)
20:00:08.684 [restartedMain] INFO  c.k.s.SchoolBatisApplication - [logStartupProfileInfo,632] - No active profile set, falling back to 1 default profile: "default"
20:00:10.096 [restartedMain] INFO  o.a.c.h.Http11NioProtocol - [log,173] - Initializing ProtocolHandler ["http-nio-8080"]
20:00:10.098 [restartedMain] INFO  o.a.c.c.StandardService - [log,173] - Starting service [Tomcat]
20:00:10.098 [restartedMain] INFO  o.a.c.c.StandardEngine - [log,173] - Starting Servlet engine: [Apache Tomcat/9.0.82]
20:00:10.168 [restartedMain] INFO  o.a.c.c.C.[.[.[/] - [log,173] - Initializing Spring embedded WebApplicationContext
20:00:10.216 [restartedMain] INFO  o.a.c.c.StandardService - [log,173] - Stopping service [Tomcat]
20:05:41.980 [restartedMain] INFO  c.k.s.SchoolBatisApplication - [logStarting,55] - Starting SchoolBatisApplication using Java 17.0.2 on Yachne with PID 3764 (D:\kaifamiao\workspace\idea\java\schoolBatis\target\classes started by Administrator in D:\kaifamiao\workspace\idea\java)
20:05:41.983 [restartedMain] INFO  c.k.s.SchoolBatisApplication - [logStartupProfileInfo,632] - No active profile set, falling back to 1 default profile: "default"
20:05:42.922 [restartedMain] INFO  o.a.c.h.Http11NioProtocol - [log,173] - Initializing ProtocolHandler ["http-nio-8080"]
20:05:42.923 [restartedMain] INFO  o.a.c.c.StandardService - [log,173] - Starting service [Tomcat]
20:05:42.923 [restartedMain] INFO  o.a.c.c.StandardEngine - [log,173] - Starting Servlet engine: [Apache Tomcat/9.0.82]
20:05:42.976 [restartedMain] INFO  o.a.c.c.C.[.[.[/] - [log,173] - Initializing Spring embedded WebApplicationContext
20:05:43.018 [restartedMain] INFO  o.a.c.c.StandardService - [log,173] - Stopping service [Tomcat]
20:06:49.504 [restartedMain] INFO  c.k.s.SchoolBatisApplication - [logStarting,55] - Starting SchoolBatisApplication using Java 17.0.2 on Yachne with PID 14828 (D:\kaifamiao\workspace\idea\java\schoolBatis\target\classes started by Administrator in D:\kaifamiao\workspace\idea\java)
20:06:49.508 [restartedMain] INFO  c.k.s.SchoolBatisApplication - [logStartupProfileInfo,632] - No active profile set, falling back to 1 default profile: "default"
20:06:50.543 [restartedMain] INFO  o.a.c.h.Http11NioProtocol - [log,173] - Initializing ProtocolHandler ["http-nio-8080"]
20:06:50.544 [restartedMain] INFO  o.a.c.c.StandardService - [log,173] - Starting service [Tomcat]
20:06:50.544 [restartedMain] INFO  o.a.c.c.StandardEngine - [log,173] - Starting Servlet engine: [Apache Tomcat/9.0.82]
20:06:52.143 [restartedMain] INFO  c.k.s.SchoolBatisApplication - [logStarted,61] - Started SchoolBatisApplication in 3.04 seconds (JVM running for 3.748)
20:06:54.857 [restartedMain] INFO  c.k.s.SchoolBatisApplication - [logStarting,55] - Starting SchoolBatisApplication using Java 17.0.2 on Yachne with PID 5032 (D:\kaifamiao\workspace\idea\java\schoolBatis\target\classes started by Administrator in D:\kaifamiao\workspace\idea\java)
20:06:54.862 [restartedMain] INFO  c.k.s.SchoolBatisApplication - [logStartupProfileInfo,632] - No active profile set, falling back to 1 default profile: "default"
20:06:55.919 [restartedMain] INFO  o.a.c.h.Http11NioProtocol - [log,173] - Initializing ProtocolHandler ["http-nio-8080"]
20:06:55.920 [restartedMain] INFO  o.a.c.c.StandardService - [log,173] - Starting service [Tomcat]
20:06:55.921 [restartedMain] INFO  o.a.c.c.StandardEngine - [log,173] - Starting Servlet engine: [Apache Tomcat/9.0.82]
20:06:55.998 [restartedMain] INFO  o.a.c.c.C.[.[.[/] - [log,173] - Initializing Spring embedded WebApplicationContext
20:06:56.724 [restartedMain] INFO  o.a.c.h.Http11NioProtocol - [log,173] - Starting ProtocolHandler ["http-nio-8080"]
20:06:56.756 [restartedMain] INFO  c.k.s.SchoolBatisApplication - [logStarted,61] - Started SchoolBatisApplication in 2.377 seconds (JVM running for 3.597)
20:07:23.231 [http-nio-8080-exec-1] INFO  o.a.c.c.C.[.[.[/] - [log,173] - Initializing Spring DispatcherServlet 'dispatcherServlet'
20:07:26.733 [http-nio-8080-exec-4] INFO  c.z.h.HikariDataSource - [getConnection,110] - HikariPool-1 - Starting...
20:07:27.883 [http-nio-8080-exec-4] INFO  c.z.h.HikariDataSource - [getConnection,123] - HikariPool-1 - Start completed.
20:11:51.649 [SpringApplicationShutdownHook] INFO  c.z.h.HikariDataSource - [close,350] - HikariPool-1 - Shutdown initiated...
20:11:51.671 [SpringApplicationShutdownHook] INFO  c.z.h.HikariDataSource - [close,352] - HikariPool-1 - Shutdown completed.
20:11:54.345 [restartedMain] INFO  c.k.s.SchoolBatisApplication - [logStarting,55] - Starting SchoolBatisApplication using Java 17.0.2 on Yachne with PID 20016 (D:\kaifamiao\workspace\idea\java\schoolBatis\target\classes started by Administrator in D:\kaifamiao\workspace\idea\java)
20:11:54.349 [restartedMain] INFO  c.k.s.SchoolBatisApplication - [logStartupProfileInfo,632] - No active profile set, falling back to 1 default profile: "default"
20:11:55.273 [restartedMain] INFO  o.a.c.h.Http11NioProtocol - [log,173] - Initializing ProtocolHandler ["http-nio-8080"]
20:11:55.274 [restartedMain] INFO  o.a.c.c.StandardService - [log,173] - Starting service [Tomcat]
20:11:55.274 [restartedMain] INFO  o.a.c.c.StandardEngine - [log,173] - Starting Servlet engine: [Apache Tomcat/9.0.82]
20:11:55.332 [restartedMain] INFO  o.a.c.c.C.[.[.[/] - [log,173] - Initializing Spring embedded WebApplicationContext
20:11:55.904 [restartedMain] INFO  o.a.c.h.Http11NioProtocol - [log,173] - Starting ProtocolHandler ["http-nio-8080"]
20:11:55.935 [restartedMain] INFO  c.k.s.SchoolBatisApplication - [logStarted,61] - Started SchoolBatisApplication in 1.977 seconds (JVM running for 2.678)
20:13:58.476 [http-nio-8080-exec-1] INFO  o.a.c.c.C.[.[.[/] - [log,173] - Initializing Spring DispatcherServlet 'dispatcherServlet'
20:14:00.782 [http-nio-8080-exec-2] INFO  c.z.h.HikariDataSource - [getConnection,110] - HikariPool-1 - Starting...
20:14:01.152 [http-nio-8080-exec-2] INFO  c.z.h.HikariDataSource - [getConnection,123] - HikariPool-1 - Start completed.
20:14:11.127 [SpringApplicationShutdownHook] INFO  c.z.h.HikariDataSource - [close,350] - HikariPool-1 - Shutdown initiated...
20:14:11.137 [SpringApplicationShutdownHook] INFO  c.z.h.HikariDataSource - [close,352] - HikariPool-1 - Shutdown completed.
20:14:13.772 [restartedMain] INFO  c.k.s.SchoolBatisApplication - [logStarting,55] - Starting SchoolBatisApplication using Java 17.0.2 on Yachne with PID 5188 (D:\kaifamiao\workspace\idea\java\schoolBatis\target\classes started by Administrator in D:\kaifamiao\workspace\idea\java)
20:14:13.776 [restartedMain] INFO  c.k.s.SchoolBatisApplication - [logStartupProfileInfo,632] - No active profile set, falling back to 1 default profile: "default"
20:14:15.029 [restartedMain] INFO  o.a.c.h.Http11NioProtocol - [log,173] - Initializing ProtocolHandler ["http-nio-8080"]
20:14:15.032 [restartedMain] INFO  o.a.c.c.StandardService - [log,173] - Starting service [Tomcat]
20:14:15.032 [restartedMain] INFO  o.a.c.c.StandardEngine - [log,173] - Starting Servlet engine: [Apache Tomcat/9.0.82]
20:14:15.127 [restartedMain] INFO  o.a.c.c.C.[.[.[/] - [log,173] - Initializing Spring embedded WebApplicationContext
20:14:15.865 [restartedMain] INFO  o.a.c.h.Http11NioProtocol - [log,173] - Starting ProtocolHandler ["http-nio-8080"]
20:14:15.901 [restartedMain] INFO  c.k.s.SchoolBatisApplication - [logStarted,61] - Started SchoolBatisApplication in 2.593 seconds (JVM running for 3.778)
20:14:39.823 [http-nio-8080-exec-1] INFO  o.a.c.c.C.[.[.[/] - [log,173] - Initializing Spring DispatcherServlet 'dispatcherServlet'
20:15:28.482 [http-nio-8080-exec-2] INFO  c.z.h.HikariDataSource - [getConnection,110] - HikariPool-1 - Starting...
20:15:28.767 [http-nio-8080-exec-2] INFO  c.z.h.HikariDataSource - [getConnection,123] - HikariPool-1 - Start completed.
20:18:05.734 [SpringApplicationShutdownHook] INFO  c.z.h.HikariDataSource - [close,350] - HikariPool-1 - Shutdown initiated...
20:18:05.743 [SpringApplicationShutdownHook] INFO  c.z.h.HikariDataSource - [close,352] - HikariPool-1 - Shutdown completed.
20:23:45.186 [restartedMain] INFO  c.k.s.SchoolBatisApplication - [logStarting,55] - Starting SchoolBatisApplication using Java 17.0.2 on Yachne with PID 24280 (D:\kaifamiao\workspace\idea\java\schoolBatis\target\classes started by Administrator in D:\kaifamiao\workspace\idea\java)
20:23:45.189 [restartedMain] INFO  c.k.s.SchoolBatisApplication - [logStartupProfileInfo,632] - No active profile set, falling back to 1 default profile: "default"
20:23:46.235 [restartedMain] INFO  o.a.c.h.Http11NioProtocol - [log,173] - Initializing ProtocolHandler ["http-nio-8080"]
20:23:46.237 [restartedMain] INFO  o.a.c.c.StandardService - [log,173] - Starting service [Tomcat]
20:23:46.237 [restartedMain] INFO  o.a.c.c.StandardEngine - [log,173] - Starting Servlet engine: [Apache Tomcat/9.0.82]
20:23:46.300 [restartedMain] INFO  o.a.c.c.C.[.[.[/] - [log,173] - Initializing Spring embedded WebApplicationContext
20:23:46.899 [restartedMain] INFO  o.a.c.h.Http11NioProtocol - [log,173] - Starting ProtocolHandler ["http-nio-8080"]
20:23:46.929 [restartedMain] INFO  c.k.s.SchoolBatisApplication - [logStarted,61] - Started SchoolBatisApplication in 2.123 seconds (JVM running for 3.158)
20:23:55.739 [http-nio-8080-exec-1] INFO  o.a.c.c.C.[.[.[/] - [log,173] - Initializing Spring DispatcherServlet 'dispatcherServlet'
20:24:15.925 [http-nio-8080-exec-2] INFO  c.z.h.HikariDataSource - [getConnection,110] - HikariPool-1 - Starting...
20:24:16.209 [http-nio-8080-exec-2] INFO  c.z.h.HikariDataSource - [getConnection,123] - HikariPool-1 - Start completed.
20:28:20.702 [Thread-5] INFO  o.a.c.h.Http11NioProtocol - [log,173] - Pausing ProtocolHandler ["http-nio-8080"]
20:28:20.702 [Thread-5] INFO  o.a.c.c.StandardService - [log,173] - Stopping service [Tomcat]
20:28:20.703 [Thread-5] INFO  o.a.c.c.C.[.[.[/] - [log,173] - Destroying Spring FrameworkServlet 'dispatcherServlet'
20:28:20.707 [Thread-5] INFO  o.a.c.h.Http11NioProtocol - [log,173] - Stopping ProtocolHandler ["http-nio-8080"]
20:28:20.709 [Thread-5] INFO  o.a.c.h.Http11NioProtocol - [log,173] - Destroying ProtocolHandler ["http-nio-8080"]
20:28:20.713 [Thread-5] INFO  c.z.h.HikariDataSource - [close,350] - HikariPool-1 - Shutdown initiated...
20:28:20.722 [Thread-5] INFO  c.z.h.HikariDataSource - [close,352] - HikariPool-1 - Shutdown completed.
20:28:20.803 [restartedMain] INFO  c.k.s.SchoolBatisApplication - [logStarting,55] - Starting SchoolBatisApplication using Java 17.0.2 on Yachne with PID 24280 (D:\kaifamiao\workspace\idea\java\schoolBatis\target\classes started by Administrator in D:\kaifamiao\workspace\idea\java)
20:28:20.804 [restartedMain] INFO  c.k.s.SchoolBatisApplication - [logStartupProfileInfo,632] - No active profile set, falling back to 1 default profile: "default"
20:28:21.246 [restartedMain] INFO  o.a.c.h.Http11NioProtocol - [log,173] - Initializing ProtocolHandler ["http-nio-8080"]
20:28:21.247 [restartedMain] INFO  o.a.c.c.StandardService - [log,173] - Starting service [Tomcat]
20:28:21.247 [restartedMain] INFO  o.a.c.c.StandardEngine - [log,173] - Starting Servlet engine: [Apache Tomcat/9.0.82]
20:28:21.282 [restartedMain] INFO  o.a.c.c.C.[.[.[/] - [log,173] - Initializing Spring embedded WebApplicationContext
20:28:21.376 [restartedMain] INFO  o.a.c.c.StandardService - [log,173] - Stopping service [Tomcat]
20:28:22.934 [restartedMain] INFO  c.k.s.SchoolBatisApplication - [logStarting,55] - Starting SchoolBatisApplication using Java 17.0.2 on Yachne with PID 24280 (D:\kaifamiao\workspace\idea\java\schoolBatis\target\classes started by Administrator in D:\kaifamiao\workspace\idea\java)
20:28:22.934 [restartedMain] INFO  c.k.s.SchoolBatisApplication - [logStartupProfileInfo,632] - No active profile set, falling back to 1 default profile: "default"
20:28:23.235 [restartedMain] INFO  o.a.c.h.Http11NioProtocol - [log,173] - Initializing ProtocolHandler ["http-nio-8080"]
20:28:23.237 [restartedMain] INFO  o.a.c.c.StandardService - [log,173] - Starting service [Tomcat]
20:28:23.237 [restartedMain] INFO  o.a.c.c.StandardEngine - [log,173] - Starting Servlet engine: [Apache Tomcat/9.0.82]
20:28:23.257 [restartedMain] INFO  o.a.c.c.C.[.[.[/] - [log,173] - Initializing Spring embedded WebApplicationContext
20:28:23.576 [restartedMain] INFO  o.a.c.h.Http11NioProtocol - [log,173] - Starting ProtocolHandler ["http-nio-8080"]
20:28:23.584 [restartedMain] INFO  c.k.s.SchoolBatisApplication - [logStarted,61] - Started SchoolBatisApplication in 0.696 seconds (JVM running for 279.813)
20:28:35.277 [restartedMain] INFO  c.k.s.SchoolBatisApplication - [logStarting,55] - Starting SchoolBatisApplication using Java 17.0.2 on Yachne with PID 16364 (D:\kaifamiao\workspace\idea\java\schoolBatis\target\classes started by Administrator in D:\kaifamiao\workspace\idea\java)
20:28:35.282 [restartedMain] INFO  c.k.s.SchoolBatisApplication - [logStartupProfileInfo,632] - No active profile set, falling back to 1 default profile: "default"
20:28:36.315 [restartedMain] INFO  o.a.c.h.Http11NioProtocol - [log,173] - Initializing ProtocolHandler ["http-nio-8080"]
20:28:36.315 [restartedMain] INFO  o.a.c.c.StandardService - [log,173] - Starting service [Tomcat]
20:28:36.316 [restartedMain] INFO  o.a.c.c.StandardEngine - [log,173] - Starting Servlet engine: [Apache Tomcat/9.0.82]
20:28:36.380 [restartedMain] INFO  o.a.c.c.C.[.[.[/] - [log,173] - Initializing Spring embedded WebApplicationContext
20:28:37.103 [restartedMain] INFO  o.a.c.h.Http11NioProtocol - [log,173] - Starting ProtocolHandler ["http-nio-8080"]
20:28:37.138 [restartedMain] INFO  c.k.s.SchoolBatisApplication - [logStarted,61] - Started SchoolBatisApplication in 2.25 seconds (JVM running for 2.928)
20:28:46.655 [http-nio-8080-exec-1] INFO  o.a.c.c.C.[.[.[/] - [log,173] - Initializing Spring DispatcherServlet 'dispatcherServlet'
20:28:48.867 [http-nio-8080-exec-3] INFO  c.z.h.HikariDataSource - [getConnection,110] - HikariPool-1 - Starting...
20:28:49.297 [http-nio-8080-exec-3] INFO  c.z.h.HikariDataSource - [getConnection,123] - HikariPool-1 - Start completed.
20:33:15.794 [SpringApplicationShutdownHook] INFO  c.z.h.HikariDataSource - [close,350] - HikariPool-1 - Shutdown initiated...
20:33:15.802 [SpringApplicationShutdownHook] INFO  c.z.h.HikariDataSource - [close,352] - HikariPool-1 - Shutdown completed.
20:33:20.317 [restartedMain] INFO  c.k.s.SchoolBatisApplication - [logStarting,55] - Starting SchoolBatisApplication using Java 17.0.2 on Yachne with PID 20648 (D:\kaifamiao\workspace\idea\java\schoolBatis\target\classes started by Administrator in D:\kaifamiao\workspace\idea\java)
20:33:20.322 [restartedMain] INFO  c.k.s.SchoolBatisApplication - [logStartupProfileInfo,632] - No active profile set, falling back to 1 default profile: "default"
20:33:21.363 [restartedMain] INFO  o.a.c.h.Http11NioProtocol - [log,173] - Initializing ProtocolHandler ["http-nio-8080"]
20:33:21.364 [restartedMain] INFO  o.a.c.c.StandardService - [log,173] - Starting service [Tomcat]
20:33:21.364 [restartedMain] INFO  o.a.c.c.StandardEngine - [log,173] - Starting Servlet engine: [Apache Tomcat/9.0.82]
20:33:21.424 [restartedMain] INFO  o.a.c.c.C.[.[.[/] - [log,173] - Initializing Spring embedded WebApplicationContext
20:33:22.071 [restartedMain] INFO  o.a.c.h.Http11NioProtocol - [log,173] - Starting ProtocolHandler ["http-nio-8080"]
20:33:22.097 [restartedMain] INFO  c.k.s.SchoolBatisApplication - [logStarted,61] - Started SchoolBatisApplication in 2.194 seconds (JVM running for 2.935)
20:33:32.203 [http-nio-8080-exec-1] INFO  o.a.c.c.C.[.[.[/] - [log,173] - Initializing Spring DispatcherServlet 'dispatcherServlet'
20:33:34.089 [http-nio-8080-exec-2] INFO  c.z.h.HikariDataSource - [getConnection,110] - HikariPool-1 - Starting...
20:33:34.467 [http-nio-8080-exec-2] INFO  c.z.h.HikariDataSource - [getConnection,123] - HikariPool-1 - Start completed.
20:35:14.749 [SpringApplicationShutdownHook] INFO  c.z.h.HikariDataSource - [close,350] - HikariPool-1 - Shutdown initiated...
20:35:14.756 [SpringApplicationShutdownHook] INFO  c.z.h.HikariDataSource - [close,352] - HikariPool-1 - Shutdown completed.
20:35:18.708 [restartedMain] INFO  c.k.s.SchoolBatisApplication - [logStarting,55] - Starting SchoolBatisApplication using Java 17.0.2 on Yachne with PID 24404 (D:\kaifamiao\workspace\idea\java\schoolBatis\target\classes started by Administrator in D:\kaifamiao\workspace\idea\java)
20:35:18.712 [restartedMain] INFO  c.k.s.SchoolBatisApplication - [logStartupProfileInfo,632] - No active profile set, falling back to 1 default profile: "default"
20:35:19.654 [restartedMain] INFO  o.a.c.h.Http11NioProtocol - [log,173] - Initializing ProtocolHandler ["http-nio-8080"]
20:35:19.655 [restartedMain] INFO  o.a.c.c.StandardService - [log,173] - Starting service [Tomcat]
20:35:19.655 [restartedMain] INFO  o.a.c.c.StandardEngine - [log,173] - Starting Servlet engine: [Apache Tomcat/9.0.82]
20:35:19.721 [restartedMain] INFO  o.a.c.c.C.[.[.[/] - [log,173] - Initializing Spring embedded WebApplicationContext
20:35:20.390 [restartedMain] INFO  o.a.c.h.Http11NioProtocol - [log,173] - Starting ProtocolHandler ["http-nio-8080"]
20:35:20.426 [restartedMain] INFO  c.k.s.SchoolBatisApplication - [logStarted,61] - Started SchoolBatisApplication in 2.086 seconds (JVM running for 2.758)
20:35:36.562 [http-nio-8080-exec-1] INFO  o.a.c.c.C.[.[.[/] - [log,173] - Initializing Spring DispatcherServlet 'dispatcherServlet'
20:35:38.479 [http-nio-8080-exec-2] INFO  c.z.h.HikariDataSource - [getConnection,110] - HikariPool-1 - Starting...
20:35:38.851 [http-nio-8080-exec-2] INFO  c.z.h.HikariDataSource - [getConnection,123] - HikariPool-1 - Start completed.
20:35:44.173 [SpringApplicationShutdownHook] INFO  c.z.h.HikariDataSource - [close,350] - HikariPool-1 - Shutdown initiated...
20:35:44.182 [SpringApplicationShutdownHook] INFO  c.z.h.HikariDataSource - [close,352] - HikariPool-1 - Shutdown completed.
20:35:47.024 [restartedMain] INFO  c.k.s.SchoolBatisApplication - [logStarting,55] - Starting SchoolBatisApplication using Java 17.0.2 on Yachne with PID 6816 (D:\kaifamiao\workspace\idea\java\schoolBatis\target\classes started by Administrator in D:\kaifamiao\workspace\idea\java)
20:35:47.028 [restartedMain] INFO  c.k.s.SchoolBatisApplication - [logStartupProfileInfo,632] - No active profile set, falling back to 1 default profile: "default"
20:35:47.965 [restartedMain] INFO  o.a.c.h.Http11NioProtocol - [log,173] - Initializing ProtocolHandler ["http-nio-8080"]
20:35:47.966 [restartedMain] INFO  o.a.c.c.StandardService - [log,173] - Starting service [Tomcat]
20:35:47.966 [restartedMain] INFO  o.a.c.c.StandardEngine - [log,173] - Starting Servlet engine: [Apache Tomcat/9.0.82]
20:35:48.021 [restartedMain] INFO  o.a.c.c.C.[.[.[/] - [log,173] - Initializing Spring embedded WebApplicationContext
20:35:48.615 [restartedMain] INFO  o.a.c.h.Http11NioProtocol - [log,173] - Starting ProtocolHandler ["http-nio-8080"]
20:35:48.646 [restartedMain] INFO  c.k.s.SchoolBatisApplication - [logStarted,61] - Started SchoolBatisApplication in 1.981 seconds (JVM running for 2.66)
20:35:52.800 [http-nio-8080-exec-1] INFO  o.a.c.c.C.[.[.[/] - [log,173] - Initializing Spring DispatcherServlet 'dispatcherServlet'
20:35:54.576 [http-nio-8080-exec-2] INFO  c.z.h.HikariDataSource - [getConnection,110] - HikariPool-1 - Starting...
20:35:54.817 [http-nio-8080-exec-2] INFO  c.z.h.HikariDataSource - [getConnection,123] - HikariPool-1 - Start completed.
20:38:20.029 [Thread-5] INFO  o.a.c.h.Http11NioProtocol - [log,173] - Pausing ProtocolHandler ["http-nio-8080"]
20:38:20.029 [Thread-5] INFO  o.a.c.c.StandardService - [log,173] - Stopping service [Tomcat]
20:38:20.030 [Thread-5] INFO  o.a.c.c.C.[.[.[/] - [log,173] - Destroying Spring FrameworkServlet 'dispatcherServlet'
20:38:20.036 [Thread-5] INFO  o.a.c.h.Http11NioProtocol - [log,173] - Stopping ProtocolHandler ["http-nio-8080"]
20:38:20.039 [Thread-5] INFO  o.a.c.h.Http11NioProtocol - [log,173] - Destroying ProtocolHandler ["http-nio-8080"]
20:38:20.042 [Thread-5] INFO  c.z.h.HikariDataSource - [close,350] - HikariPool-1 - Shutdown initiated...
20:38:20.053 [Thread-5] INFO  c.z.h.HikariDataSource - [close,352] - HikariPool-1 - Shutdown completed.
20:38:20.137 [restartedMain] INFO  c.k.s.SchoolBatisApplication - [logStarting,55] - Starting SchoolBatisApplication using Java 17.0.2 on Yachne with PID 6816 (D:\kaifamiao\workspace\idea\java\schoolBatis\target\classes started by Administrator in D:\kaifamiao\workspace\idea\java)
20:38:20.137 [restartedMain] INFO  c.k.s.SchoolBatisApplication - [logStartupProfileInfo,632] - No active profile set, falling back to 1 default profile: "default"
20:38:20.392 [restartedMain] INFO  o.a.c.h.Http11NioProtocol - [log,173] - Initializing ProtocolHandler ["http-nio-8080"]
20:38:20.393 [restartedMain] INFO  o.a.c.c.StandardService - [log,173] - Starting service [Tomcat]
20:38:20.393 [restartedMain] INFO  o.a.c.c.StandardEngine - [log,173] - Starting Servlet engine: [Apache Tomcat/9.0.82]
20:38:20.413 [restartedMain] INFO  o.a.c.c.C.[.[.[/] - [log,173] - Initializing Spring embedded WebApplicationContext
20:38:20.640 [restartedMain] INFO  o.a.c.h.Http11NioProtocol - [log,173] - Starting ProtocolHandler ["http-nio-8080"]
20:38:20.648 [restartedMain] INFO  c.k.s.SchoolBatisApplication - [logStarted,61] - Started SchoolBatisApplication in 0.555 seconds (JVM running for 154.662)
20:38:53.600 [restartedMain] INFO  c.k.s.SchoolBatisApplication - [logStarting,55] - Starting SchoolBatisApplication using Java 17.0.2 on Yachne with PID 5648 (D:\kaifamiao\workspace\idea\java\schoolBatis\target\classes started by Administrator in D:\kaifamiao\workspace\idea\java)
20:38:53.604 [restartedMain] INFO  c.k.s.SchoolBatisApplication - [logStartupProfileInfo,632] - No active profile set, falling back to 1 default profile: "default"
20:38:54.719 [restartedMain] INFO  o.a.c.h.Http11NioProtocol - [log,173] - Initializing ProtocolHandler ["http-nio-8080"]
20:38:54.722 [restartedMain] INFO  o.a.c.c.StandardService - [log,173] - Starting service [Tomcat]
20:38:54.722 [restartedMain] INFO  o.a.c.c.StandardEngine - [log,173] - Starting Servlet engine: [Apache Tomcat/9.0.82]
20:38:54.799 [restartedMain] INFO  o.a.c.c.C.[.[.[/] - [log,173] - Initializing Spring embedded WebApplicationContext
20:38:55.468 [restartedMain] INFO  o.a.c.h.Http11NioProtocol - [log,173] - Starting ProtocolHandler ["http-nio-8080"]
20:38:55.496 [restartedMain] INFO  c.k.s.SchoolBatisApplication - [logStarted,61] - Started SchoolBatisApplication in 2.319 seconds (JVM running for 3.189)
20:39:01.686 [http-nio-8080-exec-1] INFO  o.a.c.c.C.[.[.[/] - [log,173] - Initializing Spring DispatcherServlet 'dispatcherServlet'
20:39:03.318 [http-nio-8080-exec-2] INFO  c.z.h.HikariDataSource - [getConnection,110] - HikariPool-1 - Starting...
20:39:03.606 [http-nio-8080-exec-2] INFO  c.z.h.HikariDataSource - [getConnection,123] - HikariPool-1 - Start completed.
20:40:10.427 [SpringApplicationShutdownHook] INFO  c.z.h.HikariDataSource - [close,350] - HikariPool-1 - Shutdown initiated...
20:40:10.438 [SpringApplicationShutdownHook] INFO  c.z.h.HikariDataSource - [close,352] - HikariPool-1 - Shutdown completed.
21:34:45.690 [restartedMain] INFO  c.k.s.SchoolBatisApplication - [logStarting,55] - Starting SchoolBatisApplication using Java 17.0.2 on Yachne with PID 8972 (D:\kaifamiao\workspace\idea\java\schoolBatis\target\classes started by Administrator in D:\kaifamiao\workspace\idea\java)
21:34:45.732 [restartedMain] INFO  c.k.s.SchoolBatisApplication - [logStartupProfileInfo,632] - No active profile set, falling back to 1 default profile: "default"
21:34:49.338 [restartedMain] INFO  c.k.s.SchoolBatisApplication - [logStarted,61] - Started SchoolBatisApplication in 4.269 seconds (JVM running for 6.3)
21:35:50.949 [restartedMain] INFO  c.k.s.SchoolBatisApplication - [logStarting,55] - Starting SchoolBatisApplication using Java 17.0.2 on Yachne with PID 3268 (D:\kaifamiao\workspace\idea\java\schoolBatis\target\classes started by Administrator in D:\kaifamiao\workspace\idea\java)
21:35:50.953 [restartedMain] INFO  c.k.s.SchoolBatisApplication - [logStartupProfileInfo,632] - No active profile set, falling back to 1 default profile: "default"
21:35:51.861 [restartedMain] INFO  o.a.c.h.Http11NioProtocol - [log,173] - Initializing ProtocolHandler ["http-nio-8080"]
21:35:51.862 [restartedMain] INFO  o.a.c.c.StandardService - [log,173] - Starting service [Tomcat]
21:35:51.862 [restartedMain] INFO  o.a.c.c.StandardEngine - [log,173] - Starting Servlet engine: [Apache Tomcat/9.0.82]
21:35:51.916 [restartedMain] INFO  o.a.c.c.C.[.[.[/] - [log,173] - Initializing Spring embedded WebApplicationContext
21:35:52.467 [restartedMain] INFO  o.a.c.h.Http11NioProtocol - [log,173] - Starting ProtocolHandler ["http-nio-8080"]
21:35:52.507 [restartedMain] INFO  c.k.s.SchoolBatisApplication - [logStarted,61] - Started SchoolBatisApplication in 1.965 seconds (JVM running for 2.667)
21:35:59.833 [http-nio-8080-exec-1] INFO  o.a.c.c.C.[.[.[/] - [log,173] - Initializing Spring DispatcherServlet 'dispatcherServlet'
21:37:06.987 [restartedMain] INFO  c.k.s.SchoolBatisApplication - [logStarting,55] - Starting SchoolBatisApplication using Java 17.0.2 on Yachne with PID 6640 (D:\kaifamiao\workspace\idea\java\schoolBatis\target\classes started by Administrator in D:\kaifamiao\workspace\idea\java)
21:37:06.993 [restartedMain] INFO  c.k.s.SchoolBatisApplication - [logStartupProfileInfo,632] - No active profile set, falling back to 1 default profile: "default"
21:37:07.911 [restartedMain] INFO  o.a.c.h.Http11NioProtocol - [log,173] - Initializing ProtocolHandler ["http-nio-8080"]
21:37:07.911 [restartedMain] INFO  o.a.c.c.StandardService - [log,173] - Starting service [Tomcat]
21:37:07.911 [restartedMain] INFO  o.a.c.c.StandardEngine - [log,173] - Starting Servlet engine: [Apache Tomcat/9.0.82]
21:37:07.977 [restartedMain] INFO  o.a.c.c.C.[.[.[/] - [log,173] - Initializing Spring embedded WebApplicationContext
21:37:08.504 [restartedMain] INFO  o.a.c.h.Http11NioProtocol - [log,173] - Starting ProtocolHandler ["http-nio-8080"]
21:37:08.528 [restartedMain] INFO  c.k.s.SchoolBatisApplication - [logStarted,61] - Started SchoolBatisApplication in 1.916 seconds (JVM running for 2.596)
21:37:09.061 [http-nio-8080-exec-1] INFO  o.a.c.c.C.[.[.[/] - [log,173] - Initializing Spring DispatcherServlet 'dispatcherServlet'
21:37:16.553 [restartedMain] INFO  c.k.s.SchoolBatisApplication - [logStarting,55] - Starting SchoolBatisApplication using Java 17.0.2 on Yachne with PID 5716 (D:\kaifamiao\workspace\idea\java\schoolBatis\target\classes started by Administrator in D:\kaifamiao\workspace\idea\java)
21:37:16.560 [restartedMain] INFO  c.k.s.SchoolBatisApplication - [logStartupProfileInfo,632] - No active profile set, falling back to 1 default profile: "default"
21:37:18.137 [restartedMain] INFO  o.a.c.h.Http11NioProtocol - [log,173] - Initializing ProtocolHandler ["http-nio-8080"]
21:37:18.138 [restartedMain] INFO  o.a.c.c.StandardService - [log,173] - Starting service [Tomcat]
21:37:18.138 [restartedMain] INFO  o.a.c.c.StandardEngine - [log,173] - Starting Servlet engine: [Apache Tomcat/9.0.82]
21:37:18.204 [restartedMain] INFO  o.a.c.c.C.[.[.[/] - [log,173] - Initializing Spring embedded WebApplicationContext
21:37:19.045 [restartedMain] INFO  o.a.c.h.Http11NioProtocol - [log,173] - Starting ProtocolHandler ["http-nio-8080"]
21:37:19.092 [restartedMain] INFO  c.k.s.SchoolBatisApplication - [logStarted,61] - Started SchoolBatisApplication in 2.977 seconds (JVM running for 4.799)
21:37:37.919 [http-nio-8080-exec-2] INFO  o.a.c.c.C.[.[.[/] - [log,173] - Initializing Spring DispatcherServlet 'dispatcherServlet'
21:38:44.668 [restartedMain] INFO  c.k.s.SchoolBatisApplication - [logStarting,55] - Starting SchoolBatisApplication using Java 17.0.2 on Yachne with PID 17904 (D:\kaifamiao\workspace\idea\java\schoolBatis\target\classes started by Administrator in D:\kaifamiao\workspace\idea\java)
21:38:44.673 [restartedMain] INFO  c.k.s.SchoolBatisApplication - [logStartupProfileInfo,632] - No active profile set, falling back to 1 default profile: "default"
21:38:45.798 [restartedMain] INFO  o.a.c.h.Http11NioProtocol - [log,173] - Initializing ProtocolHandler ["http-nio-8080"]
21:38:45.804 [restartedMain] INFO  o.a.c.c.StandardService - [log,173] - Starting service [Tomcat]
21:38:45.804 [restartedMain] INFO  o.a.c.c.StandardEngine - [log,173] - Starting Servlet engine: [Apache Tomcat/9.0.82]
21:38:45.873 [restartedMain] INFO  o.a.c.c.C.[.[.[/] - [log,173] - Initializing Spring embedded WebApplicationContext
21:38:46.656 [restartedMain] INFO  o.a.c.h.Http11NioProtocol - [log,173] - Starting ProtocolHandler ["http-nio-8080"]
21:38:46.690 [restartedMain] INFO  c.k.s.SchoolBatisApplication - [logStarted,61] - Started SchoolBatisApplication in 2.473 seconds (JVM running for 3.555)
21:38:48.149 [http-nio-8080-exec-1] INFO  o.a.c.c.C.[.[.[/] - [log,173] - Initializing Spring DispatcherServlet 'dispatcherServlet'
21:38:50.679 [http-nio-8080-exec-2] INFO  c.z.h.HikariDataSource - [getConnection,110] - HikariPool-1 - Starting...
21:38:51.829 [http-nio-8080-exec-2] INFO  c.z.h.HikariDataSource - [getConnection,123] - HikariPool-1 - Start completed.
21:40:27.720 [SpringApplicationShutdownHook] INFO  c.z.h.HikariDataSource - [close,350] - HikariPool-1 - Shutdown initiated...
21:40:27.803 [SpringApplicationShutdownHook] INFO  c.z.h.HikariDataSource - [close,352] - HikariPool-1 - Shutdown completed.
21:40:32.803 [restartedMain] INFO  c.k.s.SchoolBatisApplication - [logStarting,55] - Starting SchoolBatisApplication using Java 17.0.2 on Yachne with PID 3912 (D:\kaifamiao\workspace\idea\java\schoolBatis\target\classes started by Administrator in D:\kaifamiao\workspace\idea\java)
21:40:32.806 [restartedMain] INFO  c.k.s.SchoolBatisApplication - [logStartupProfileInfo,632] - No active profile set, falling back to 1 default profile: "default"
21:40:33.997 [restartedMain] INFO  o.a.c.h.Http11NioProtocol - [log,173] - Initializing ProtocolHandler ["http-nio-8080"]
21:40:34.004 [restartedMain] INFO  o.a.c.c.StandardService - [log,173] - Starting service [Tomcat]
21:40:34.004 [restartedMain] INFO  o.a.c.c.StandardEngine - [log,173] - Starting Servlet engine: [Apache Tomcat/9.0.82]
21:40:34.095 [restartedMain] INFO  o.a.c.c.C.[.[.[/] - [log,173] - Initializing Spring embedded WebApplicationContext
21:40:34.778 [restartedMain] INFO  o.a.c.h.Http11NioProtocol - [log,173] - Starting ProtocolHandler ["http-nio-8080"]
21:40:34.808 [restartedMain] INFO  c.k.s.SchoolBatisApplication - [logStarted,61] - Started SchoolBatisApplication in 2.449 seconds (JVM running for 3.373)
21:40:47.054 [http-nio-8080-exec-1] INFO  o.a.c.c.C.[.[.[/] - [log,173] - Initializing Spring DispatcherServlet 'dispatcherServlet'
21:40:48.964 [http-nio-8080-exec-2] INFO  c.z.h.HikariDataSource - [getConnection,110] - HikariPool-1 - Starting...
21:40:49.456 [http-nio-8080-exec-2] INFO  c.z.h.HikariDataSource - [getConnection,123] - HikariPool-1 - Start completed.
21:42:25.229 [SpringApplicationShutdownHook] INFO  c.z.h.HikariDataSource - [close,350] - HikariPool-1 - Shutdown initiated...
21:42:25.238 [SpringApplicationShutdownHook] INFO  c.z.h.HikariDataSource - [close,352] - HikariPool-1 - Shutdown completed.
21:42:30.056 [restartedMain] INFO  c.k.s.SchoolBatisApplication - [logStarting,55] - Starting SchoolBatisApplication using Java 17.0.2 on Yachne with PID 11040 (D:\kaifamiao\workspace\idea\java\schoolBatis\target\classes started by Administrator in D:\kaifamiao\workspace\idea\java)
21:42:30.060 [restartedMain] INFO  c.k.s.SchoolBatisApplication - [logStartupProfileInfo,632] - No active profile set, falling back to 1 default profile: "default"
21:42:31.217 [restartedMain] INFO  o.a.c.h.Http11NioProtocol - [log,173] - Initializing ProtocolHandler ["http-nio-8080"]
21:42:31.219 [restartedMain] INFO  o.a.c.c.StandardService - [log,173] - Starting service [Tomcat]
21:42:31.219 [restartedMain] INFO  o.a.c.c.StandardEngine - [log,173] - Starting Servlet engine: [Apache Tomcat/9.0.82]
21:42:31.307 [restartedMain] INFO  o.a.c.c.C.[.[.[/] - [log,173] - Initializing Spring embedded WebApplicationContext
21:42:31.984 [restartedMain] INFO  o.a.c.h.Http11NioProtocol - [log,173] - Starting ProtocolHandler ["http-nio-8080"]
21:42:32.015 [restartedMain] INFO  c.k.s.SchoolBatisApplication - [logStarted,61] - Started SchoolBatisApplication in 2.388 seconds (JVM running for 3.326)
21:42:38.506 [http-nio-8080-exec-1] INFO  o.a.c.c.C.[.[.[/] - [log,173] - Initializing Spring DispatcherServlet 'dispatcherServlet'
21:42:41.384 [http-nio-8080-exec-2] INFO  c.z.h.HikariDataSource - [getConnection,110] - HikariPool-1 - Starting...
21:42:41.863 [http-nio-8080-exec-2] INFO  c.z.h.HikariDataSource - [getConnection,123] - HikariPool-1 - Start completed.
21:43:48.277 [SpringApplicationShutdownHook] INFO  c.z.h.HikariDataSource - [close,350] - HikariPool-1 - Shutdown initiated...
21:43:48.285 [SpringApplicationShutdownHook] INFO  c.z.h.HikariDataSource - [close,352] - HikariPool-1 - Shutdown completed.
21:43:50.888 [restartedMain] INFO  c.k.s.SchoolBatisApplication - [logStarting,55] - Starting SchoolBatisApplication using Java 17.0.2 on Yachne with PID 22948 (D:\kaifamiao\workspace\idea\java\schoolBatis\target\classes started by Administrator in D:\kaifamiao\workspace\idea\java)
21:43:50.893 [restartedMain] INFO  c.k.s.SchoolBatisApplication - [logStartupProfileInfo,632] - No active profile set, falling back to 1 default profile: "default"
21:43:52.148 [restartedMain] INFO  o.a.c.h.Http11NioProtocol - [log,173] - Initializing ProtocolHandler ["http-nio-8080"]
21:43:52.149 [restartedMain] INFO  o.a.c.c.StandardService - [log,173] - Starting service [Tomcat]
21:43:52.149 [restartedMain] INFO  o.a.c.c.StandardEngine - [log,173] - Starting Servlet engine: [Apache Tomcat/9.0.82]
21:43:52.227 [restartedMain] INFO  o.a.c.c.C.[.[.[/] - [log,173] - Initializing Spring embedded WebApplicationContext
21:43:52.897 [restartedMain] INFO  o.a.c.h.Http11NioProtocol - [log,173] - Starting ProtocolHandler ["http-nio-8080"]
21:43:52.932 [restartedMain] INFO  c.k.s.SchoolBatisApplication - [logStarted,61] - Started SchoolBatisApplication in 2.712 seconds (JVM running for 3.871)
21:43:57.472 [http-nio-8080-exec-1] INFO  o.a.c.c.C.[.[.[/] - [log,173] - Initializing Spring DispatcherServlet 'dispatcherServlet'
21:43:58.984 [http-nio-8080-exec-2] INFO  c.z.h.HikariDataSource - [getConnection,110] - HikariPool-1 - Starting...
21:43:59.220 [http-nio-8080-exec-2] INFO  c.z.h.HikariDataSource - [getConnection,123] - HikariPool-1 - Start completed.
21:46:16.904 [SpringApplicationShutdownHook] INFO  c.z.h.HikariDataSource - [close,350] - HikariPool-1 - Shutdown initiated...
21:46:16.912 [SpringApplicationShutdownHook] INFO  c.z.h.HikariDataSource - [close,352] - HikariPool-1 - Shutdown completed.
21:46:20.698 [restartedMain] INFO  c.k.s.SchoolBatisApplication - [logStarting,55] - Starting SchoolBatisApplication using Java 17.0.2 on Yachne with PID 1612 (D:\kaifamiao\workspace\idea\java\schoolBatis\target\classes started by Administrator in D:\kaifamiao\workspace\idea\java)
21:46:20.705 [restartedMain] INFO  c.k.s.SchoolBatisApplication - [logStartupProfileInfo,632] - No active profile set, falling back to 1 default profile: "default"
21:46:21.825 [restartedMain] INFO  o.a.c.h.Http11NioProtocol - [log,173] - Initializing ProtocolHandler ["http-nio-8080"]
21:46:21.827 [restartedMain] INFO  o.a.c.c.StandardService - [log,173] - Starting service [Tomcat]
21:46:21.828 [restartedMain] INFO  o.a.c.c.StandardEngine - [log,173] - Starting Servlet engine: [Apache Tomcat/9.0.82]
21:46:21.896 [restartedMain] INFO  o.a.c.c.C.[.[.[/] - [log,173] - Initializing Spring embedded WebApplicationContext
21:46:22.688 [restartedMain] INFO  o.a.c.h.Http11NioProtocol - [log,173] - Starting ProtocolHandler ["http-nio-8080"]
21:46:22.721 [restartedMain] INFO  c.k.s.SchoolBatisApplication - [logStarted,61] - Started SchoolBatisApplication in 2.499 seconds (JVM running for 4.961)
21:46:26.796 [http-nio-8080-exec-1] INFO  o.a.c.c.C.[.[.[/] - [log,173] - Initializing Spring DispatcherServlet 'dispatcherServlet'
21:46:28.364 [http-nio-8080-exec-2] INFO  c.z.h.HikariDataSource - [getConnection,110] - HikariPool-1 - Starting...
21:46:28.696 [http-nio-8080-exec-2] INFO  c.z.h.HikariDataSource - [getConnection,123] - HikariPool-1 - Start completed.
21:48:15.196 [SpringApplicationShutdownHook] INFO  c.z.h.HikariDataSource - [close,350] - HikariPool-1 - Shutdown initiated...
21:48:15.216 [SpringApplicationShutdownHook] INFO  c.z.h.HikariDataSource - [close,352] - HikariPool-1 - Shutdown completed.
21:48:21.412 [restartedMain] INFO  c.k.s.SchoolBatisApplication - [logStarting,55] - Starting SchoolBatisApplication using Java 17.0.2 on Yachne with PID 3516 (D:\kaifamiao\workspace\idea\java\schoolBatis\target\classes started by Administrator in D:\kaifamiao\workspace\idea\java)
21:48:21.418 [restartedMain] INFO  c.k.s.SchoolBatisApplication - [logStartupProfileInfo,632] - No active profile set, falling back to 1 default profile: "default"
21:48:22.451 [restartedMain] INFO  o.a.c.h.Http11NioProtocol - [log,173] - Initializing ProtocolHandler ["http-nio-8080"]
21:48:22.452 [restartedMain] INFO  o.a.c.c.StandardService - [log,173] - Starting service [Tomcat]
21:48:22.452 [restartedMain] INFO  o.a.c.c.StandardEngine - [log,173] - Starting Servlet engine: [Apache Tomcat/9.0.82]
21:48:22.517 [restartedMain] INFO  o.a.c.c.C.[.[.[/] - [log,173] - Initializing Spring embedded WebApplicationContext
21:48:23.242 [restartedMain] INFO  o.a.c.h.Http11NioProtocol - [log,173] - Starting ProtocolHandler ["http-nio-8080"]
21:48:23.271 [restartedMain] INFO  c.k.s.SchoolBatisApplication - [logStarted,61] - Started SchoolBatisApplication in 2.267 seconds (JVM running for 2.984)
21:48:27.780 [http-nio-8080-exec-1] INFO  o.a.c.c.C.[.[.[/] - [log,173] - Initializing Spring DispatcherServlet 'dispatcherServlet'
21:48:29.410 [http-nio-8080-exec-2] INFO  c.z.h.HikariDataSource - [getConnection,110] - HikariPool-1 - Starting...
21:48:29.641 [http-nio-8080-exec-2] INFO  c.z.h.HikariDataSource - [getConnection,123] - HikariPool-1 - Start completed.
21:48:55.319 [SpringApplicationShutdownHook] INFO  c.z.h.HikariDataSource - [close,350] - HikariPool-1 - Shutdown initiated...
21:48:55.329 [SpringApplicationShutdownHook] INFO  c.z.h.HikariDataSource - [close,352] - HikariPool-1 - Shutdown completed.
21:48:58.546 [restartedMain] INFO  c.k.s.SchoolBatisApplication - [logStarting,55] - Starting SchoolBatisApplication using Java 17.0.2 on Yachne with PID 14192 (D:\kaifamiao\workspace\idea\java\schoolBatis\target\classes started by Administrator in D:\kaifamiao\workspace\idea\java)
21:48:58.549 [restartedMain] INFO  c.k.s.SchoolBatisApplication - [logStartupProfileInfo,632] - No active profile set, falling back to 1 default profile: "default"
21:48:59.622 [restartedMain] INFO  o.a.c.h.Http11NioProtocol - [log,173] - Initializing ProtocolHandler ["http-nio-8080"]
21:48:59.623 [restartedMain] INFO  o.a.c.c.StandardService - [log,173] - Starting service [Tomcat]
21:48:59.623 [restartedMain] INFO  o.a.c.c.StandardEngine - [log,173] - Starting Servlet engine: [Apache Tomcat/9.0.82]
21:48:59.698 [restartedMain] INFO  o.a.c.c.C.[.[.[/] - [log,173] - Initializing Spring embedded WebApplicationContext
21:49:00.448 [restartedMain] INFO  o.a.c.h.Http11NioProtocol - [log,173] - Starting ProtocolHandler ["http-nio-8080"]
21:49:00.487 [restartedMain] INFO  c.k.s.SchoolBatisApplication - [logStarted,61] - Started SchoolBatisApplication in 2.389 seconds (JVM running for 3.45)
21:49:05.723 [http-nio-8080-exec-1] INFO  o.a.c.c.C.[.[.[/] - [log,173] - Initializing Spring DispatcherServlet 'dispatcherServlet'
21:49:07.258 [http-nio-8080-exec-2] INFO  c.z.h.HikariDataSource - [getConnection,110] - HikariPool-1 - Starting...
21:49:07.552 [http-nio-8080-exec-2] INFO  c.z.h.HikariDataSource - [getConnection,123] - HikariPool-1 - Start completed.
21:52:13.669 [SpringApplicationShutdownHook] INFO  c.z.h.HikariDataSource - [close,350] - HikariPool-1 - Shutdown initiated...
21:52:13.680 [SpringApplicationShutdownHook] INFO  c.z.h.HikariDataSource - [close,352] - HikariPool-1 - Shutdown completed.
21:52:16.957 [restartedMain] INFO  c.k.s.SchoolBatisApplication - [logStarting,55] - Starting SchoolBatisApplication using Java 17.0.2 on Yachne with PID 11512 (D:\kaifamiao\workspace\idea\java\schoolBatis\target\classes started by Administrator in D:\kaifamiao\workspace\idea\java)
21:52:16.960 [restartedMain] INFO  c.k.s.SchoolBatisApplication - [logStartupProfileInfo,632] - No active profile set, falling back to 1 default profile: "default"
21:52:17.902 [restartedMain] INFO  o.a.c.h.Http11NioProtocol - [log,173] - Initializing ProtocolHandler ["http-nio-8080"]
21:52:17.903 [restartedMain] INFO  o.a.c.c.StandardService - [log,173] - Starting service [Tomcat]
21:52:17.903 [restartedMain] INFO  o.a.c.c.StandardEngine - [log,173] - Starting Servlet engine: [Apache Tomcat/9.0.82]
21:52:17.966 [restartedMain] INFO  o.a.c.c.C.[.[.[/] - [log,173] - Initializing Spring embedded WebApplicationContext
21:52:18.619 [restartedMain] INFO  o.a.c.h.Http11NioProtocol - [log,173] - Starting ProtocolHandler ["http-nio-8080"]
21:52:18.654 [restartedMain] INFO  c.k.s.SchoolBatisApplication - [logStarted,61] - Started SchoolBatisApplication in 2.1 seconds (JVM running for 2.881)
21:52:22.712 [http-nio-8080-exec-1] INFO  o.a.c.c.C.[.[.[/] - [log,173] - Initializing Spring DispatcherServlet 'dispatcherServlet'
21:52:24.341 [http-nio-8080-exec-2] INFO  c.z.h.HikariDataSource - [getConnection,110] - HikariPool-1 - Starting...
21:52:24.582 [http-nio-8080-exec-2] INFO  c.z.h.HikariDataSource - [getConnection,123] - HikariPool-1 - Start completed.
21:53:21.938 [SpringApplicationShutdownHook] INFO  c.z.h.HikariDataSource - [close,350] - HikariPool-1 - Shutdown initiated...
21:53:21.948 [SpringApplicationShutdownHook] INFO  c.z.h.HikariDataSource - [close,352] - HikariPool-1 - Shutdown completed.
21:53:24.656 [restartedMain] INFO  c.k.s.SchoolBatisApplication - [logStarting,55] - Starting SchoolBatisApplication using Java 17.0.2 on Yachne with PID 9904 (D:\kaifamiao\workspace\idea\java\schoolBatis\target\classes started by Administrator in D:\kaifamiao\workspace\idea\java)
21:53:24.659 [restartedMain] INFO  c.k.s.SchoolBatisApplication - [logStartupProfileInfo,632] - No active profile set, falling back to 1 default profile: "default"
21:53:25.616 [restartedMain] INFO  o.a.c.h.Http11NioProtocol - [log,173] - Initializing ProtocolHandler ["http-nio-8080"]
21:53:25.617 [restartedMain] INFO  o.a.c.c.StandardService - [log,173] - Starting service [Tomcat]
21:53:25.617 [restartedMain] INFO  o.a.c.c.StandardEngine - [log,173] - Starting Servlet engine: [Apache Tomcat/9.0.82]
21:53:25.671 [restartedMain] INFO  o.a.c.c.C.[.[.[/] - [log,173] - Initializing Spring embedded WebApplicationContext
21:53:26.247 [restartedMain] INFO  o.a.c.h.Http11NioProtocol - [log,173] - Starting ProtocolHandler ["http-nio-8080"]
21:53:26.275 [restartedMain] INFO  c.k.s.SchoolBatisApplication - [logStarted,61] - Started SchoolBatisApplication in 2.017 seconds (JVM running for 2.857)
21:53:57.283 [http-nio-8080-exec-1] INFO  o.a.c.c.C.[.[.[/] - [log,173] - Initializing Spring DispatcherServlet 'dispatcherServlet'
21:53:59.101 [http-nio-8080-exec-2] INFO  c.z.h.HikariDataSource - [getConnection,110] - HikariPool-1 - Starting...
21:53:59.345 [http-nio-8080-exec-2] INFO  c.z.h.HikariDataSource - [getConnection,123] - HikariPool-1 - Start completed.
21:54:15.253 [SpringApplicationShutdownHook] INFO  c.z.h.HikariDataSource - [close,350] - HikariPool-1 - Shutdown initiated...
21:54:15.259 [SpringApplicationShutdownHook] INFO  c.z.h.HikariDataSource - [close,352] - HikariPool-1 - Shutdown completed.
21:56:18.302 [restartedMain] INFO  c.k.s.SchoolBatisApplication - [logStarting,55] - Starting SchoolBatisApplication using Java 17.0.2 on Yachne with PID 12880 (D:\kaifamiao\workspace\idea\java\schoolBatis\target\classes started by Administrator in D:\kaifamiao\workspace\idea\java)
21:56:18.306 [restartedMain] INFO  c.k.s.SchoolBatisApplication - [logStartupProfileInfo,632] - No active profile set, falling back to 1 default profile: "default"
21:56:19.298 [restartedMain] INFO  o.a.c.h.Http11NioProtocol - [log,173] - Initializing ProtocolHandler ["http-nio-8080"]
21:56:19.300 [restartedMain] INFO  o.a.c.c.StandardService - [log,173] - Starting service [Tomcat]
21:56:19.300 [restartedMain] INFO  o.a.c.c.StandardEngine - [log,173] - Starting Servlet engine: [Apache Tomcat/9.0.82]
21:56:19.355 [restartedMain] INFO  o.a.c.c.C.[.[.[/] - [log,173] - Initializing Spring embedded WebApplicationContext
21:56:19.890 [restartedMain] INFO  o.a.c.h.Http11NioProtocol - [log,173] - Starting ProtocolHandler ["http-nio-8080"]
21:56:19.920 [restartedMain] INFO  c.k.s.SchoolBatisApplication - [logStarted,61] - Started SchoolBatisApplication in 2.08 seconds (JVM running for 2.79)
21:56:31.972 [http-nio-8080-exec-1] INFO  o.a.c.c.C.[.[.[/] - [log,173] - Initializing Spring DispatcherServlet 'dispatcherServlet'
21:56:34.157 [http-nio-8080-exec-7] INFO  c.z.h.HikariDataSource - [getConnection,110] - HikariPool-1 - Starting...
21:56:34.580 [http-nio-8080-exec-7] INFO  c.z.h.HikariDataSource - [getConnection,123] - HikariPool-1 - Start completed.
21:57:03.196 [SpringApplicationShutdownHook] INFO  c.z.h.HikariDataSource - [close,350] - HikariPool-1 - Shutdown initiated...
21:57:03.203 [SpringApplicationShutdownHook] INFO  c.z.h.HikariDataSource - [close,352] - HikariPool-1 - Shutdown completed.
22:30:36.528 [restartedMain] INFO  c.k.s.SchoolBatisApplication - [logStarting,55] - Starting SchoolBatisApplication using Java 17.0.2 on Yachne with PID 7912 (D:\kaifamiao\workspace\idea\java\schoolBatis\target\classes started by Administrator in D:\kaifamiao\workspace\idea\java)
22:30:36.567 [restartedMain] INFO  c.k.s.SchoolBatisApplication - [logStartupProfileInfo,632] - No active profile set, falling back to 1 default profile: "default"
22:30:39.163 [restartedMain] INFO  o.a.c.h.Http11NioProtocol - [log,173] - Initializing ProtocolHandler ["http-nio-8080"]
22:30:39.166 [restartedMain] INFO  o.a.c.c.StandardService - [log,173] - Starting service [Tomcat]
22:30:39.167 [restartedMain] INFO  o.a.c.c.StandardEngine - [log,173] - Starting Servlet engine: [Apache Tomcat/9.0.82]
22:30:39.309 [restartedMain] INFO  o.a.c.c.C.[.[.[/] - [log,173] - Initializing Spring embedded WebApplicationContext
22:30:40.857 [restartedMain] INFO  o.a.c.h.Http11NioProtocol - [log,173] - Starting ProtocolHandler ["http-nio-8080"]
22:30:40.933 [restartedMain] INFO  c.k.s.SchoolBatisApplication - [logStarted,61] - Started SchoolBatisApplication in 5.938 seconds (JVM running for 6.96)
22:30:41.024 [http-nio-8080-exec-1] INFO  o.a.c.c.C.[.[.[/] - [log,173] - Initializing Spring DispatcherServlet 'dispatcherServlet'
22:30:44.790 [http-nio-8080-exec-5] INFO  c.z.h.HikariDataSource - [getConnection,110] - HikariPool-1 - Starting...
22:30:45.932 [http-nio-8080-exec-5] INFO  c.z.h.HikariDataSource - [getConnection,123] - HikariPool-1 - Start completed.
22:32:02.816 [SpringApplicationShutdownHook] INFO  c.z.h.HikariDataSource - [close,350] - HikariPool-1 - Shutdown initiated...
22:32:02.876 [SpringApplicationShutdownHook] INFO  c.z.h.HikariDataSource - [close,352] - HikariPool-1 - Shutdown completed.
